TN:
SF:src\bll\StudentService.ts
FN:8,StudentService
FN:12,countFemaleDistinctionsOn5
FN:18,graduateWithHonors
FN:27,filter
FNF:4
FNH:3
FNDA:5,StudentService
FNDA:3,countFemaleDistinctionsOn5
FNDA:4,graduateWithHonors
FNDA:0,filter
DA:1,1
DA:7,1
DA:8,1
DA:9,5
DA:10,5
DA:12,1
DA:13,3
DA:14,1
DA:15,1
DA:16,3
DA:18,1
DA:19,4
DA:20,3
DA:21,4
DA:22,1
DA:23,1
DA:24,1
DA:25,4
DA:27,1
DA:28,0
DA:29,0
DA:30,0
DA:31,1
LF:23
LH:20
BRDA:8,0,0,5
BRDA:9,1,0,0
BRDA:12,2,0,3
BRDA:13,3,0,2
BRDA:13,4,0,2
BRDA:13,5,0,1
BRDA:15,6,0,5
BRDA:15,7,0,4
BRDA:15,8,0,3
BRDA:18,9,0,4
BRDA:19,10,0,1
BRDA:19,11,0,3
BRDA:21,12,0,2
BRDA:21,13,0,2
BRDA:21,14,0,1
BRDA:23,15,0,3
BRDA:24,16,0,2
BRF:17
BRH:16
end_of_record
TN:
SF:src\bll\ValidationError.ts
FNF:0
FNH:0
DA:1,1
LF:1
LH:1
BRF:0
BRH:0
end_of_record
TN:
SF:src\dal\JsonStudentRepository.ts
FN:17,JsonStudentRepository
FN:18,getAll
FNF:2
FNH:2
FNDA:1,JsonStudentRepository
FNDA:1,getAll
DA:1,1
DA:16,1
DA:17,1
DA:18,1
DA:19,1
DA:20,1
DA:21,1
DA:22,5
DA:23,5
DA:24,5
DA:25,5
DA:26,5
DA:27,5
DA:28,5
DA:29,1
DA:30,1
DA:31,1
LF:17
LH:17
BRDA:17,0,0,1
BRDA:18,1,0,1
BRDA:20,2,0,0
BRDA:21,3,0,5
BRDA:26,4,0,3
BRDA:26,5,0,2
BRF:6
BRH:5
end_of_record
TN:
SF:src\domain\Gender.ts
FNF:0
FNH:0
DA:1,1
DA:2,1
DA:3,1
LF:3
LH:3
BRDA:1,0,0,4
BRF:1
BRH:1
end_of_record
TN:
SF:src\domain\Student.ts
FN:3,<instance_members_initializer>
FN:12,Student
FN:31,validate
FN:48,isDistinction
FNF:4
FNH:4
FNDA:27,<instance_members_initializer>
FNDA:27,Student
FNDA:27,validate
FNDA:9,isDistinction
DA:3,1
DA:4,27
DA:5,27
DA:6,27
DA:7,27
DA:8,27
DA:9,27
DA:10,27
DA:12,27
DA:13,27
DA:14,27
DA:15,27
DA:16,27
DA:17,27
DA:18,27
DA:19,27
DA:20,27
DA:21,27
DA:22,27
DA:23,27
DA:24,27
DA:25,27
DA:26,27
DA:27,27
DA:28,27
DA:29,27
DA:31,27
DA:32,27
DA:33,27
DA:34,27
DA:35,27
DA:36,27
DA:37,27
DA:38,27
DA:39,27
DA:40,27
DA:41,27
DA:42,27
DA:43,27
DA:44,27
DA:45,27
DA:46,27
DA:48,27
DA:49,9
DA:50,9
DA:51,27
LF:46
LH:46
BRDA:3,0,0,27
BRDA:12,1,0,27
BRDA:31,2,0,27
BRDA:40,3,0,1
BRDA:40,4,0,26
BRDA:41,5,0,1
BRDA:41,6,0,25
BRDA:42,7,0,24
BRDA:42,8,0,2
BRDA:42,9,0,23
BRDA:43,10,0,1
BRDA:43,11,0,22
BRDA:44,12,0,21
BRDA:44,13,0,2
BRDA:44,14,0,20
BRDA:45,15,0,19
BRDA:45,16,0,17
BRDA:45,17,0,4
BRDA:48,18,0,9
BRF:19
BRH:19
end_of_record
TN:
SF:src\domain\skills\Dentist.ts
FN:4,cook
FNF:1
FNH:1
FNDA:2,cook
DA:3,1
DA:4,1
DA:5,2
DA:6,2
DA:7,1
LF:5
LH:5
BRDA:4,0,0,2
BRDA:5,1,0,1
BRDA:5,2,0,1
BRF:3
BRH:3
end_of_record
TN:
SF:src\domain\skills\ICooks.ts
FN:1,(empty-report)
FNF:1
FNH:0
FNDA:0,(empty-report)
DA:1,0
DA:2,0
DA:3,0
LF:3
LH:0
BRDA:1,0,0,0
BRF:1
BRH:0
end_of_record
TN:
SF:src\domain\skills\IEntertainsChildren.ts
FN:1,(empty-report)
FNF:1
FNH:0
FNDA:0,(empty-report)
DA:1,0
DA:2,0
DA:3,0
LF:3
LH:0
BRDA:1,0,0,0
BRF:1
BRH:0
end_of_record
TN:
SF:src\domain\skills\Storyteller.ts
FN:5,entertainChildren
FN:10,cook
FNF:2
FNH:2
FNDA:2,entertainChildren
FNDA:2,cook
DA:4,1
DA:5,1
DA:6,2
DA:7,2
DA:8,2
DA:10,1
DA:11,2
DA:12,2
DA:13,1
LF:9
LH:9
BRDA:5,0,0,2
BRDA:7,1,0,4
BRDA:10,2,0,2
BRDA:11,3,0,1
BRDA:11,4,0,1
BRF:5
BRH:5
end_of_record
